<?xml version="1.0" encoding="UTF-8"?>
<testsuite xmlns:xsi="http://www.w3.org/2001/XMLSchema-instance" xsi:noNamespaceSchemaLocation="https://maven.apache.org/surefire/maven-surefire-plugin/xsd/surefire-test-report.xsd" version="3.0.2" name="StepDefination.TestRunner" time="136.565" tests="8" errors="0" skipped="0" failures="0">
  <properties>
    <property name="java.specification.version" value="24"/>
    <property name="sun.cpu.isalist" value="amd64"/>
    <property name="sun.jnu.encoding" value="Cp1252"/>
    <property name="java.class.path" value="C:\Users\shashank\Desktop\Java Selinium\Capstone_Project\target\test-classes;C:\Users\shashank\Desktop\Java Selinium\Capstone_Project\target\classes;C:\Users\shashank\.m2\repository\io\cucumber\cucumber-core\7.27.2\cucumber-core-7.27.2.jar;C:\Users\shashank\.m2\repository\io\cucumber\cucumber-gherkin\7.27.2\cucumber-gherkin-7.27.2.jar;C:\Users\shashank\.m2\repository\io\cucumber\cucumber-gherkin-messages\7.27.2\cucumber-gherkin-messages-7.27.2.jar;C:\Users\shashank\.m2\repository\io\cucumber\gherkin\34.0.0\gherkin-34.0.0.jar;C:\Users\shashank\.m2\repository\org\assertj\assertj-core\3.27.4\assertj-core-3.27.4.jar;C:\Users\shashank\.m2\repository\io\cucumber\messages\28.1.0\messages-28.1.0.jar;C:\Users\shashank\.m2\repository\io\cucumber\pretty-formatter\2.1.0\pretty-formatter-2.1.0.jar;C:\Users\shashank\.m2\repository\io\cucumber\query\13.6.0\query-13.6.0.jar;C:\Users\shashank\.m2\repository\io\cucumber\testng-xml-formatter\0.5.0\testng-xml-formatter-0.5.0.jar;C:\Users\shashank\.m2\repository\io\cucumber\tag-expressions\6.1.2\tag-expressions-6.1.2.jar;C:\Users\shashank\.m2\repository\io\cucumber\cucumber-expressions\18.0.1\cucumber-expressions-18.0.1.jar;C:\Users\shashank\.m2\repository\io\cucumber\datatable\7.27.2\datatable-7.27.2.jar;C:\Users\shashank\.m2\repository\io\cucumber\cucumber-plugin\7.27.2\cucumber-plugin-7.27.2.jar;C:\Users\shashank\.m2\repository\io\cucumber\docstring\7.27.2\docstring-7.27.2.jar;C:\Users\shashank\.m2\repository\io\cucumber\html-formatter\21.13.0\html-formatter-21.13.0.jar;C:\Users\shashank\.m2\repository\io\cucumber\junit-xml-formatter\0.8.1\junit-xml-formatter-0.8.1.jar;C:\Users\shashank\.m2\repository\io\cucumber\ci-environment\10.0.1\ci-environment-10.0.1.jar;C:\Users\shashank\.m2\repository\org\apiguardian\apiguardian-api\1.1.2\apiguardian-api-1.1.2.jar;C:\Users\shashank\.m2\repository\io\cucumber\cucumber-java\7.27.2\cucumber-java-7.27.2.jar;C:\Users\shashank\.m2\repository\io\cucumber\cucumber-junit\7.27.2\cucumber-junit-7.27.2.jar;C:\Users\shashank\.m2\repository\junit\junit\4.13.2\junit-4.13.2.jar;C:\Users\shashank\.m2\repository\org\hamcrest\hamcrest-core\1.3\hamcrest-core-1.3.jar;C:\Users\shashank\.m2\repository\io\cucumber\cucumber-testng\7.27.2\cucumber-testng-7.27.2.jar;C:\Users\shashank\.m2\repository\org\testng\testng\7.11.0\testng-7.11.0.jar;C:\Users\shashank\.m2\repository\org\jcommander\jcommander\1.83\jcommander-1.83.jar;C:\Users\shashank\.m2\repository\org\webjars\jquery\3.7.1\jquery-3.7.1.jar;C:\Users\shashank\.m2\repository\org\apache\poi\poi\5.2.5\poi-5.2.5.jar;C:\Users\shashank\.m2\repository\commons-codec\commons-codec\1.16.0\commons-codec-1.16.0.jar;C:\Users\shashank\.m2\repository\org\apache\commons\commons-collections4\4.4\commons-collections4-4.4.jar;C:\Users\shashank\.m2\repository\org\apache\commons\commons-math3\3.6.1\commons-math3-3.6.1.jar;C:\Users\shashank\.m2\repository\commons-io\commons-io\2.15.0\commons-io-2.15.0.jar;C:\Users\shashank\.m2\repository\com\zaxxer\SparseBitSet\1.3\SparseBitSet-1.3.jar;C:\Users\shashank\.m2\repository\org\apache\logging\log4j\log4j-api\2.21.1\log4j-api-2.21.1.jar;C:\Users\shashank\.m2\repository\org\apache\poi\poi-ooxml\5.2.5\poi-ooxml-5.2.5.jar;C:\Users\shashank\.m2\repository\org\apache\poi\poi-ooxml-lite\5.2.5\poi-ooxml-lite-5.2.5.jar;C:\Users\shashank\.m2\repository\org\apache\xmlbeans\xmlbeans\5.2.0\xmlbeans-5.2.0.jar;C:\Users\shashank\.m2\repository\org\apache\commons\commons-compress\1.25.0\commons-compress-1.25.0.jar;C:\Users\shashank\.m2\repository\com\github\virtuald\curvesapi\1.08\curvesapi-1.08.jar;C:\Users\shashank\.m2\repository\org\mockito\mockito-core\5.7.0\mockito-core-5.7.0.jar;C:\Users\shashank\.m2\repository\net\bytebuddy\byte-buddy\1.14.9\byte-buddy-1.14.9.jar;C:\Users\shashank\.m2\repository\net\bytebuddy\byte-buddy-agent\1.14.9\byte-buddy-agent-1.14.9.jar;C:\Users\shashank\.m2\repository\org\objenesis\objenesis\3.3\objenesis-3.3.jar;C:\Users\shashank\.m2\repository\org\mockito\mockito-inline\5.2.0\mockito-inline-5.2.0.jar;C:\Users\shashank\.m2\repository\io\github\bonigarcia\webdrivermanager\6.2.0\webdrivermanager-6.2.0.jar;C:\Users\shashank\.m2\repository\org\slf4j\slf4j-api\2.0.17\slf4j-api-2.0.17.jar;C:\Users\shashank\.m2\repository\com\google\code\gson\gson\2.13.1\gson-2.13.1.jar;C:\Users\shashank\.m2\repository\com\google\errorprone\error_prone_annotations\2.38.0\error_prone_annotations-2.38.0.jar;C:\Users\shashank\.m2\repository\com\github\docker-java\docker-java\3.5.3\docker-java-3.5.3.jar;C:\Users\shashank\.m2\repository\com\github\docker-java\docker-java-core\3.5.3\docker-java-core-3.5.3.jar;C:\Users\shashank\.m2\repository\com\github\docker-java\docker-java-api\3.5.3\docker-java-api-3.5.3.jar;C:\Users\shashank\.m2\repository\com\fasterxml\jackson\core\jackson-annotations\2.18.4\jackson-annotations-2.18.4.jar;C:\Users\shashank\.m2\repository\com\fasterxml\jackson\core\jackson-databind\2.18.4\jackson-databind-2.18.4.jar;C:\Users\shashank\.m2\repository\com\fasterxml\jackson\core\jackson-core\2.18.4\jackson-core-2.18.4.jar;C:\Users\shashank\.m2\repository\org\slf4j\jcl-over-slf4j\1.7.30\jcl-over-slf4j-1.7.30.jar;C:\Users\shashank\.m2\repository\com\github\docker-java\docker-java-transport-httpclient5\3.5.3\docker-java-transport-httpclient5-3.5.3.jar;C:\Users\shashank\.m2\repository\com\github\docker-java\docker-java-transport\3.5.3\docker-java-transport-3.5.3.jar;C:\Users\shashank\.m2\repository\net\java\dev\jna\jna\5.17.0\jna-5.17.0.jar;C:\Users\shashank\.m2\repository\org\brotli\dec\0.1.2\dec-0.1.2.jar;C:\Users\shashank\.m2\repository\org\apache\commons\commons-lang3\3.18.0\commons-lang3-3.18.0.jar;C:\Users\shashank\.m2\repository\org\apache\httpcomponents\client5\httpclient5\5.4.3\httpclient5-5.4.3.jar;C:\Users\shashank\.m2\repository\org\apache\httpcomponents\core5\httpcore5\5.3.4\httpcore5-5.3.4.jar;C:\Users\shashank\.m2\repository\org\apache\httpcomponents\core5\httpcore5-h2\5.3.4\httpcore5-h2-5.3.4.jar;C:\Users\shashank\.m2\repository\net\java\dev\jna\jna-platform\5.17.0\jna-platform-5.17.0.jar;C:\Users\shashank\.m2\repository\org\seleniumhq\selenium\selenium-java\4.22.0\selenium-java-4.22.0.jar;C:\Users\shashank\.m2\repository\org\seleniumhq\selenium\selenium-api\4.22.0\selenium-api-4.22.0.jar;C:\Users\shashank\.m2\repository\org\seleniumhq\selenium\selenium-chrome-driver\4.22.0\selenium-chrome-driver-4.22.0.jar;C:\Users\shashank\.m2\repository\com\google\auto\service\auto-service-annotations\1.1.1\auto-service-annotations-1.1.1.jar;C:\Users\shashank\.m2\repository\org\seleniumhq\selenium\selenium-chromium-driver\4.22.0\selenium-chromium-driver-4.22.0.jar;C:\Users\shashank\.m2\repository\org\seleniumhq\selenium\selenium-json\4.22.0\selenium-json-4.22.0.jar;C:\Users\shashank\.m2\repository\org\seleniumhq\selenium\selenium-manager\4.22.0\selenium-manager-4.22.0.jar;C:\Users\shashank\.m2\repository\org\seleniumhq\selenium\selenium-devtools-v124\4.22.0\selenium-devtools-v124-4.22.0.jar;C:\Users\shashank\.m2\repository\org\seleniumhq\selenium\selenium-devtools-v125\4.22.0\selenium-devtools-v125-4.22.0.jar;C:\Users\shashank\.m2\repository\org\seleniumhq\selenium\selenium-devtools-v126\4.22.0\selenium-devtools-v126-4.22.0.jar;C:\Users\shashank\.m2\repository\org\seleniumhq\selenium\selenium-devtools-v85\4.22.0\selenium-devtools-v85-4.22.0.jar;C:\Users\shashank\.m2\repository\org\seleniumhq\selenium\selenium-edge-driver\4.22.0\selenium-edge-driver-4.22.0.jar;C:\Users\shashank\.m2\repository\org\seleniumhq\selenium\selenium-firefox-driver\4.22.0\selenium-firefox-driver-4.22.0.jar;C:\Users\shashank\.m2\repository\org\seleniumhq\selenium\selenium-http\4.22.0\selenium-http-4.22.0.jar;C:\Users\shashank\.m2\repository\dev\failsafe\failsafe\3.3.2\failsafe-3.3.2.jar;C:\Users\shashank\.m2\repository\org\seleniumhq\selenium\selenium-ie-driver\4.22.0\selenium-ie-driver-4.22.0.jar;C:\Users\shashank\.m2\repository\org\seleniumhq\selenium\selenium-remote-driver\4.22.0\selenium-remote-driver-4.22.0.jar;C:\Users\shashank\.m2\repository\com\google\guava\guava\33.2.1-jre\guava-33.2.1-jre.jar;C:\Users\shashank\.m2\repository\com\google\guava\failureaccess\1.0.2\failureaccess-1.0.2.jar;C:\Users\shashank\.m2\repository\com\google\guava\listenablefuture\9999.0-empty-to-avoid-conflict-with-guava\listenablefuture-9999.0-empty-to-avoid-conflict-with-guava.jar;C:\Users\shashank\.m2\repository\com\google\code\findbugs\jsr305\3.0.2\jsr305-3.0.2.jar;C:\Users\shashank\.m2\repository\org\checkerframework\checker-qual\3.42.0\checker-qual-3.42.0.jar;C:\Users\shashank\.m2\repository\com\google\j2objc\j2objc-annotations\3.0.0\j2objc-annotations-3.0.0.jar;C:\Users\shashank\.m2\repository\io\opentelemetry\semconv\opentelemetry-semconv\1.25.0-alpha\opentelemetry-semconv-1.25.0-alpha.jar;C:\Users\shashank\.m2\repository\io\opentelemetry\opentelemetry-api\1.39.0\opentelemetry-api-1.39.0.jar;C:\Users\shashank\.m2\repository\io\opentelemetry\opentelemetry-context\1.39.0\opentelemetry-context-1.39.0.jar;C:\Users\shashank\.m2\repository\io\opentelemetry\opentelemetry-exporter-logging\1.39.0\opentelemetry-exporter-logging-1.39.0.jar;C:\Users\shashank\.m2\repository\io\opentelemetry\opentelemetry-sdk-common\1.39.0\opentelemetry-sdk-common-1.39.0.jar;C:\Users\shashank\.m2\repository\io\opentelemetry\opentelemetry-sdk-extension-autoconfigure-spi\1.39.0\opentelemetry-sdk-extension-autoconfigure-spi-1.39.0.jar;C:\Users\shashank\.m2\repository\io\opentelemetry\opentelemetry-sdk-extension-autoconfigure\1.39.0\opentelemetry-sdk-extension-autoconfigure-1.39.0.jar;C:\Users\shashank\.m2\repository\io\opentelemetry\opentelemetry-api-incubator\1.39.0-alpha\opentelemetry-api-incubator-1.39.0-alpha.jar;C:\Users\shashank\.m2\repository\io\opentelemetry\opentelemetry-sdk-trace\1.39.0\opentelemetry-sdk-trace-1.39.0.jar;C:\Users\shashank\.m2\repository\io\opentelemetry\opentelemetry-sdk\1.39.0\opentelemetry-sdk-1.39.0.jar;C:\Users\shashank\.m2\repository\io\opentelemetry\opentelemetry-sdk-metrics\1.39.0\opentelemetry-sdk-metrics-1.39.0.jar;C:\Users\shashank\.m2\repository\io\opentelemetry\opentelemetry-sdk-logs\1.39.0\opentelemetry-sdk-logs-1.39.0.jar;C:\Users\shashank\.m2\repository\org\seleniumhq\selenium\selenium-os\4.22.0\selenium-os-4.22.0.jar;C:\Users\shashank\.m2\repository\org\apache\commons\commons-exec\1.4.0\commons-exec-1.4.0.jar;C:\Users\shashank\.m2\repository\org\seleniumhq\selenium\selenium-safari-driver\4.22.0\selenium-safari-driver-4.22.0.jar;C:\Users\shashank\.m2\repository\org\seleniumhq\selenium\selenium-support\4.22.0\selenium-support-4.22.0.jar;"/>
    <property name="java.vm.vendor" value="Oracle Corporation"/>
    <property name="sun.arch.data.model" value="64"/>
    <property name="user.variant" value=""/>
    <property name="java.vendor.url" value="https://java.oracle.com/"/>
    <property name="user.timezone" value="Asia/Calcutta"/>
    <property name="os.name" value="Windows 11"/>
    <property name="java.vm.specification.version" value="24"/>
    <property name="sun.java.launcher" value="SUN_STANDARD"/>
    <property name="user.country" value="US"/>
    <property name="sun.boot.library.path" value="C:\Program Files\Java\jdk-24\bin"/>
    <property name="sun.java.command" value="C:\Users\shashank\AppData\Local\Temp\surefire18038960504112849227\surefirebooter-20250907185732968_3.jar C:\Users\shashank\AppData\Local\Temp\surefire18038960504112849227 2025-09-07T18-57-32_752-jvmRun1 surefire-20250907185732968_1tmp surefire_0-20250907185732968_2tmp"/>
    <property name="jdk.debug" value="release"/>
    <property name="surefire.test.class.path" value="C:\Users\shashank\Desktop\Java Selinium\Capstone_Project\target\test-classes;C:\Users\shashank\Desktop\Java Selinium\Capstone_Project\target\classes;C:\Users\shashank\.m2\repository\io\cucumber\cucumber-core\7.27.2\cucumber-core-7.27.2.jar;C:\Users\shashank\.m2\repository\io\cucumber\cucumber-gherkin\7.27.2\cucumber-gherkin-7.27.2.jar;C:\Users\shashank\.m2\repository\io\cucumber\cucumber-gherkin-messages\7.27.2\cucumber-gherkin-messages-7.27.2.jar;C:\Users\shashank\.m2\repository\io\cucumber\gherkin\34.0.0\gherkin-34.0.0.jar;C:\Users\shashank\.m2\repository\org\assertj\assertj-core\3.27.4\assertj-core-3.27.4.jar;C:\Users\shashank\.m2\repository\io\cucumber\messages\28.1.0\messages-28.1.0.jar;C:\Users\shashank\.m2\repository\io\cucumber\pretty-formatter\2.1.0\pretty-formatter-2.1.0.jar;C:\Users\shashank\.m2\repository\io\cucumber\query\13.6.0\query-13.6.0.jar;C:\Users\shashank\.m2\repository\io\cucumber\testng-xml-formatter\0.5.0\testng-xml-formatter-0.5.0.jar;C:\Users\shashank\.m2\repository\io\cucumber\tag-expressions\6.1.2\tag-expressions-6.1.2.jar;C:\Users\shashank\.m2\repository\io\cucumber\cucumber-expressions\18.0.1\cucumber-expressions-18.0.1.jar;C:\Users\shashank\.m2\repository\io\cucumber\datatable\7.27.2\datatable-7.27.2.jar;C:\Users\shashank\.m2\repository\io\cucumber\cucumber-plugin\7.27.2\cucumber-plugin-7.27.2.jar;C:\Users\shashank\.m2\repository\io\cucumber\docstring\7.27.2\docstring-7.27.2.jar;C:\Users\shashank\.m2\repository\io\cucumber\html-formatter\21.13.0\html-formatter-21.13.0.jar;C:\Users\shashank\.m2\repository\io\cucumber\junit-xml-formatter\0.8.1\junit-xml-formatter-0.8.1.jar;C:\Users\shashank\.m2\repository\io\cucumber\ci-environment\10.0.1\ci-environment-10.0.1.jar;C:\Users\shashank\.m2\repository\org\apiguardian\apiguardian-api\1.1.2\apiguardian-api-1.1.2.jar;C:\Users\shashank\.m2\repository\io\cucumber\cucumber-java\7.27.2\cucumber-java-7.27.2.jar;C:\Users\shashank\.m2\repository\io\cucumber\cucumber-junit\7.27.2\cucumber-junit-7.27.2.jar;C:\Users\shashank\.m2\repository\junit\junit\4.13.2\junit-4.13.2.jar;C:\Users\shashank\.m2\repository\org\hamcrest\hamcrest-core\1.3\hamcrest-core-1.3.jar;C:\Users\shashank\.m2\repository\io\cucumber\cucumber-testng\7.27.2\cucumber-testng-7.27.2.jar;C:\Users\shashank\.m2\repository\org\testng\testng\7.11.0\testng-7.11.0.jar;C:\Users\shashank\.m2\repository\org\jcommander\jcommander\1.83\jcommander-1.83.jar;C:\Users\shashank\.m2\repository\org\webjars\jquery\3.7.1\jquery-3.7.1.jar;C:\Users\shashank\.m2\repository\org\apache\poi\poi\5.2.5\poi-5.2.5.jar;C:\Users\shashank\.m2\repository\commons-codec\commons-codec\1.16.0\commons-codec-1.16.0.jar;C:\Users\shashank\.m2\repository\org\apache\commons\commons-collections4\4.4\commons-collections4-4.4.jar;C:\Users\shashank\.m2\repository\org\apache\commons\commons-math3\3.6.1\commons-math3-3.6.1.jar;C:\Users\shashank\.m2\repository\commons-io\commons-io\2.15.0\commons-io-2.15.0.jar;C:\Users\shashank\.m2\repository\com\zaxxer\SparseBitSet\1.3\SparseBitSet-1.3.jar;C:\Users\shashank\.m2\repository\org\apache\logging\log4j\log4j-api\2.21.1\log4j-api-2.21.1.jar;C:\Users\shashank\.m2\repository\org\apache\poi\poi-ooxml\5.2.5\poi-ooxml-5.2.5.jar;C:\Users\shashank\.m2\repository\org\apache\poi\poi-ooxml-lite\5.2.5\poi-ooxml-lite-5.2.5.jar;C:\Users\shashank\.m2\repository\org\apache\xmlbeans\xmlbeans\5.2.0\xmlbeans-5.2.0.jar;C:\Users\shashank\.m2\repository\org\apache\commons\commons-compress\1.25.0\commons-compress-1.25.0.jar;C:\Users\shashank\.m2\repository\com\github\virtuald\curvesapi\1.08\curvesapi-1.08.jar;C:\Users\shashank\.m2\repository\org\mockito\mockito-core\5.7.0\mockito-core-5.7.0.jar;C:\Users\shashank\.m2\repository\net\bytebuddy\byte-buddy\1.14.9\byte-buddy-1.14.9.jar;C:\Users\shashank\.m2\repository\net\bytebuddy\byte-buddy-agent\1.14.9\byte-buddy-agent-1.14.9.jar;C:\Users\shashank\.m2\repository\org\objenesis\objenesis\3.3\objenesis-3.3.jar;C:\Users\shashank\.m2\repository\org\mockito\mockito-inline\5.2.0\mockito-inline-5.2.0.jar;C:\Users\shashank\.m2\repository\io\github\bonigarcia\webdrivermanager\6.2.0\webdrivermanager-6.2.0.jar;C:\Users\shashank\.m2\repository\org\slf4j\slf4j-api\2.0.17\slf4j-api-2.0.17.jar;C:\Users\shashank\.m2\repository\com\google\code\gson\gson\2.13.1\gson-2.13.1.jar;C:\Users\shashank\.m2\repository\com\google\errorprone\error_prone_annotations\2.38.0\error_prone_annotations-2.38.0.jar;C:\Users\shashank\.m2\repository\com\github\docker-java\docker-java\3.5.3\docker-java-3.5.3.jar;C:\Users\shashank\.m2\repository\com\github\docker-java\docker-java-core\3.5.3\docker-java-core-3.5.3.jar;C:\Users\shashank\.m2\repository\com\github\docker-java\docker-java-api\3.5.3\docker-java-api-3.5.3.jar;C:\Users\shashank\.m2\repository\com\fasterxml\jackson\core\jackson-annotations\2.18.4\jackson-annotations-2.18.4.jar;C:\Users\shashank\.m2\repository\com\fasterxml\jackson\core\jackson-databind\2.18.4\jackson-databind-2.18.4.jar;C:\Users\shashank\.m2\repository\com\fasterxml\jackson\core\jackson-core\2.18.4\jackson-core-2.18.4.jar;C:\Users\shashank\.m2\repository\org\slf4j\jcl-over-slf4j\1.7.30\jcl-over-slf4j-1.7.30.jar;C:\Users\shashank\.m2\repository\com\github\docker-java\docker-java-transport-httpclient5\3.5.3\docker-java-transport-httpclient5-3.5.3.jar;C:\Users\shashank\.m2\repository\com\github\docker-java\docker-java-transport\3.5.3\docker-java-transport-3.5.3.jar;C:\Users\shashank\.m2\repository\net\java\dev\jna\jna\5.17.0\jna-5.17.0.jar;C:\Users\shashank\.m2\repository\org\brotli\dec\0.1.2\dec-0.1.2.jar;C:\Users\shashank\.m2\repository\org\apache\commons\commons-lang3\3.18.0\commons-lang3-3.18.0.jar;C:\Users\shashank\.m2\repository\org\apache\httpcomponents\client5\httpclient5\5.4.3\httpclient5-5.4.3.jar;C:\Users\shashank\.m2\repository\org\apache\httpcomponents\core5\httpcore5\5.3.4\httpcore5-5.3.4.jar;C:\Users\shashank\.m2\repository\org\apache\httpcomponents\core5\httpcore5-h2\5.3.4\httpcore5-h2-5.3.4.jar;C:\Users\shashank\.m2\repository\net\java\dev\jna\jna-platform\5.17.0\jna-platform-5.17.0.jar;C:\Users\shashank\.m2\repository\org\seleniumhq\selenium\selenium-java\4.22.0\selenium-java-4.22.0.jar;C:\Users\shashank\.m2\repository\org\seleniumhq\selenium\selenium-api\4.22.0\selenium-api-4.22.0.jar;C:\Users\shashank\.m2\repository\org\seleniumhq\selenium\selenium-chrome-driver\4.22.0\selenium-chrome-driver-4.22.0.jar;C:\Users\shashank\.m2\repository\com\google\auto\service\auto-service-annotations\1.1.1\auto-service-annotations-1.1.1.jar;C:\Users\shashank\.m2\repository\org\seleniumhq\selenium\selenium-chromium-driver\4.22.0\selenium-chromium-driver-4.22.0.jar;C:\Users\shashank\.m2\repository\org\seleniumhq\selenium\selenium-json\4.22.0\selenium-json-4.22.0.jar;C:\Users\shashank\.m2\repository\org\seleniumhq\selenium\selenium-manager\4.22.0\selenium-manager-4.22.0.jar;C:\Users\shashank\.m2\repository\org\seleniumhq\selenium\selenium-devtools-v124\4.22.0\selenium-devtools-v124-4.22.0.jar;C:\Users\shashank\.m2\repository\org\seleniumhq\selenium\selenium-devtools-v125\4.22.0\selenium-devtools-v125-4.22.0.jar;C:\Users\shashank\.m2\repository\org\seleniumhq\selenium\selenium-devtools-v126\4.22.0\selenium-devtools-v126-4.22.0.jar;C:\Users\shashank\.m2\repository\org\seleniumhq\selenium\selenium-devtools-v85\4.22.0\selenium-devtools-v85-4.22.0.jar;C:\Users\shashank\.m2\repository\org\seleniumhq\selenium\selenium-edge-driver\4.22.0\selenium-edge-driver-4.22.0.jar;C:\Users\shashank\.m2\repository\org\seleniumhq\selenium\selenium-firefox-driver\4.22.0\selenium-firefox-driver-4.22.0.jar;C:\Users\shashank\.m2\repository\org\seleniumhq\selenium\selenium-http\4.22.0\selenium-http-4.22.0.jar;C:\Users\shashank\.m2\repository\dev\failsafe\failsafe\3.3.2\failsafe-3.3.2.jar;C:\Users\shashank\.m2\repository\org\seleniumhq\selenium\selenium-ie-driver\4.22.0\selenium-ie-driver-4.22.0.jar;C:\Users\shashank\.m2\repository\org\seleniumhq\selenium\selenium-remote-driver\4.22.0\selenium-remote-driver-4.22.0.jar;C:\Users\shashank\.m2\repository\com\google\guava\guava\33.2.1-jre\guava-33.2.1-jre.jar;C:\Users\shashank\.m2\repository\com\google\guava\failureaccess\1.0.2\failureaccess-1.0.2.jar;C:\Users\shashank\.m2\repository\com\google\guava\listenablefuture\9999.0-empty-to-avoid-conflict-with-guava\listenablefuture-9999.0-empty-to-avoid-conflict-with-guava.jar;C:\Users\shashank\.m2\repository\com\google\code\findbugs\jsr305\3.0.2\jsr305-3.0.2.jar;C:\Users\shashank\.m2\repository\org\checkerframework\checker-qual\3.42.0\checker-qual-3.42.0.jar;C:\Users\shashank\.m2\repository\com\google\j2objc\j2objc-annotations\3.0.0\j2objc-annotations-3.0.0.jar;C:\Users\shashank\.m2\repository\io\opentelemetry\semconv\opentelemetry-semconv\1.25.0-alpha\opentelemetry-semconv-1.25.0-alpha.jar;C:\Users\shashank\.m2\repository\io\opentelemetry\opentelemetry-api\1.39.0\opentelemetry-api-1.39.0.jar;C:\Users\shashank\.m2\repository\io\opentelemetry\opentelemetry-context\1.39.0\opentelemetry-context-1.39.0.jar;C:\Users\shashank\.m2\repository\io\opentelemetry\opentelemetry-exporter-logging\1.39.0\opentelemetry-exporter-logging-1.39.0.jar;C:\Users\shashank\.m2\repository\io\opentelemetry\opentelemetry-sdk-common\1.39.0\opentelemetry-sdk-common-1.39.0.jar;C:\Users\shashank\.m2\repository\io\opentelemetry\opentelemetry-sdk-extension-autoconfigure-spi\1.39.0\opentelemetry-sdk-extension-autoconfigure-spi-1.39.0.jar;C:\Users\shashank\.m2\repository\io\opentelemetry\opentelemetry-sdk-extension-autoconfigure\1.39.0\opentelemetry-sdk-extension-autoconfigure-1.39.0.jar;C:\Users\shashank\.m2\repository\io\opentelemetry\opentelemetry-api-incubator\1.39.0-alpha\opentelemetry-api-incubator-1.39.0-alpha.jar;C:\Users\shashank\.m2\repository\io\opentelemetry\opentelemetry-sdk-trace\1.39.0\opentelemetry-sdk-trace-1.39.0.jar;C:\Users\shashank\.m2\repository\io\opentelemetry\opentelemetry-sdk\1.39.0\opentelemetry-sdk-1.39.0.jar;C:\Users\shashank\.m2\repository\io\opentelemetry\opentelemetry-sdk-metrics\1.39.0\opentelemetry-sdk-metrics-1.39.0.jar;C:\Users\shashank\.m2\repository\io\opentelemetry\opentelemetry-sdk-logs\1.39.0\opentelemetry-sdk-logs-1.39.0.jar;C:\Users\shashank\.m2\repository\org\seleniumhq\selenium\selenium-os\4.22.0\selenium-os-4.22.0.jar;C:\Users\shashank\.m2\repository\org\apache\commons\commons-exec\1.4.0\commons-exec-1.4.0.jar;C:\Users\shashank\.m2\repository\org\seleniumhq\selenium\selenium-safari-driver\4.22.0\selenium-safari-driver-4.22.0.jar;C:\Users\shashank\.m2\repository\org\seleniumhq\selenium\selenium-support\4.22.0\selenium-support-4.22.0.jar;"/>
    <property name="sun.cpu.endian" value="little"/>
    <property name="user.home" value="C:\Users\shashank"/>
    <property name="user.language" value="en"/>
    <property name="java.specification.vendor" value="Oracle Corporation"/>
    <property name="java.version.date" value="2025-07-15"/>
    <property name="java.home" value="C:\Program Files\Java\jdk-24"/>
    <property name="file.separator" value="\"/>
    <property name="basedir" value="C:\Users\shashank\Desktop\Java Selinium\Capstone_Project"/>
    <property name="java.vm.compressedOopsMode" value="32-bit"/>
    <property name="line.separator" value="&#10;"/>
    <property name="java.vm.specification.vendor" value="Oracle Corporation"/>
    <property name="java.specification.name" value="Java Platform API Specification"/>
    <property name="surefire.real.class.path" value="C:\Users\shashank\AppData\Local\Temp\surefire18038960504112849227\surefirebooter-20250907185732968_3.jar"/>
    <property name="user.script" value=""/>
    <property name="sun.management.compiler" value="HotSpot 64-Bit Tiered Compilers"/>
    <property name="java.runtime.version" value="24.0.2+12-54"/>
    <property name="user.name" value="shashank"/>
    <property name="stdout.encoding" value="Cp1252"/>
    <property name="path.separator" value=";"/>
    <property name="os.version" value="10.0"/>
    <property name="java.runtime.name" value="Java(TM) SE Runtime Environment"/>
    <property name="file.encoding" value="UTF-8"/>
    <property name="java.vm.name" value="Java HotSpot(TM) 64-Bit Server VM"/>
    <property name="localRepository" value="C:\Users\shashank\.m2\repository"/>
    <property name="java.vendor.url.bug" value="https://bugreport.java.com/bugreport/"/>
    <property name="java.io.tmpdir" value="C:\Users\shashank\AppData\Local\Temp\"/>
    <property name="java.version" value="24.0.2"/>
    <property name="user.dir" value="C:\Users\shashank\Desktop\Java Selinium\Capstone_Project"/>
    <property name="os.arch" value="amd64"/>
    <property name="java.vm.specification.name" value="Java Virtual Machine Specification"/>
    <property name="sun.os.patch.level" value=""/>
    <property name="native.encoding" value="Cp1252"/>
    <property name="java.library.path" value="C:\Program Files\Java\jdk-24\bin;C:\WINDOWS\Sun\Java\bin;C:\WINDOWS\system32;C:\WINDOWS;C:\apache-maven-3.9.11\bin;C:\Program Files\Java\jdk-17\bin;C:\Program Files\Java\jdk-24\bin;C:\Program Files\Git\cmd;C:\Program Files\Java\jdk-17\bin;C:\Program Files\Java\jdk-24\bin;C:\Users\shashank\AppData\Local\Programs\Microsoft VS Code\bin;;."/>
    <property name="java.vm.info" value="mixed mode, sharing"/>
    <property name="stderr.encoding" value="Cp1252"/>
    <property name="java.vendor" value="Oracle Corporation"/>
    <property name="java.vm.version" value="24.0.2+12-54"/>
    <property name="sun.io.unicode.encoding" value="UnicodeLittle"/>
    <property name="java.class.version" value="68.0"/>
  </properties>
  <testcase name="shopping with the user1 id" classname="Website Automation with user1" time="28.079">
    <system-out><![CDATA[
&amp#27;[1mScenario:&amp#27;[22m shopping with the user1 id                                  &amp#27;[90m# file:///C:/Users/shashank/Desktop/Java%20Selinium/Capstone_Project/src/test/resources/features1/FiltersWithUser1.feature:5&amp#27;[39m
  &amp#27;[32m✔&amp#27;[39m &amp#27;[32m&amp#27;[1mGiven &amp#27;[22mopen the browser&amp#27;[39m                                            &amp#27;[90m# StepDefination.FiltersWithUser1.open_the_browser()&amp#27;[39m
  &amp#27;[32m✔&amp#27;[39m &amp#27;[32m&amp#27;[1mWhen &amp#27;[22mgo to the login page&amp#27;[39m                                         &amp#27;[90m# StepDefination.FiltersWithUser1.go_to_the_login_page()&amp#27;[39m
  &amp#27;[32m✔&amp#27;[39m &amp#27;[32m&amp#27;[1mAnd &amp#27;[22mlogin to the website with user1 credentials&amp#27;[39m                   &amp#27;[90m# StepDefination.FiltersWithUser1.login_to_the_website_with_user1_credentials()&amp#27;[39m
  &amp#27;[32m✔&amp#27;[39m &amp#27;[32m&amp#27;[1mAnd &amp#27;[22msearch the product&amp#27;[39m                                            &amp#27;[90m# StepDefination.FiltersWithUser1.search_the_product()&amp#27;[39m
  &amp#27;[32m✔&amp#27;[39m &amp#27;[32m&amp#27;[1mAnd &amp#27;[22mHigh to Low filters&amp#27;[39m                                           &amp#27;[90m# StepDefination.FiltersWithUser1.high_to_low_filters()&amp#27;[39m
  &amp#27;[32m✔&amp#27;[39m &amp#27;[32m&amp#27;[1mAnd &amp#27;[22mLow to High filters&amp#27;[39m                                           &amp#27;[90m# StepDefination.FiltersWithUser1.low_to_high_filters()&amp#27;[39m
  &amp#27;[32m✔&amp#27;[39m &amp#27;[32m&amp#27;[1mAnd &amp#27;[22mselect the brands from the vendors filter&amp#27;[39m                     &amp#27;[90m# StepDefination.FiltersWithUser1.select_the_brands_from_the_vendors_filter()&amp#27;[39m
  &amp#27;[32m✔&amp#27;[39m &amp#27;[32m&amp#27;[1mAnd &amp#27;[22mselect a product from the particular brand&amp#27;[39m                    &amp#27;[90m# StepDefination.FiltersWithUser1.select_a_product_from_the_particular_brand()&amp#27;[39m
  &amp#27;[32m✔&amp#27;[39m &amp#27;[32m&amp#27;[1mAnd &amp#27;[22mapply the low to high filter&amp#27;[39m                                  &amp#27;[90m# StepDefination.FiltersWithUser1.apply_the_low_to_high_filter()&amp#27;[39m
  &amp#27;[32m✔&amp#27;[39m &amp#27;[32m&amp#27;[1mAnd &amp#27;[22mapply the high to low filter&amp#27;[39m                                  &amp#27;[90m# StepDefination.FiltersWithUser1.apply_the_high_to_low_filter()&amp#27;[39m
  &amp#27;[32m✔&amp#27;[39m &amp#27;[32m&amp#27;[1mAnd &amp#27;[22mlogout from the page&amp#27;[39m                                          &amp#27;[90m# StepDefination.FiltersWithUser1.logout_from_the_page()&amp#27;[39m
Searched products and slected product from the brands and applied the filters
  &amp#27;[32m✔&amp#27;[39m &amp#27;[32m&amp#27;[1mThen &amp#27;[22mthe user is successfully selected product and applied filter&amp#27;[39m &amp#27;[90m# StepDefination.FiltersWithUser1.the_user_is_successfully_selected_product_and_applied_filter()&amp#27;[39m
]]></system-out>
    <system-err><![CDATA[Sep 07, 2025 6:57:37 PM org.openqa.selenium.devtools.CdpVersionFinder findNearestMatch
WARNING: Unable to find CDP implementation matching 140
Sep 07, 2025 6:57:37 PM org.openqa.selenium.chromium.ChromiumDriver lambda$new$5
WARNING: Unable to find version of CDP to use for 140.0.7339.80. You may need to include a dependency on a specific version of the CDP using something similar to `org.seleniumhq.selenium:selenium-devtools-v86:4.22.0` where the version ("v86") matches the version of the chromium-based browser you're using and the version number of the artifact is the same as Selenium's.
]]></system-err>
  </testcase>
  <testcase name="adding multiple products to cart from different brands" classname="select products from the different brands and add multiple products to cart" time="28.042">
    <system-out><![CDATA[
&amp#27;[1mScenario:&amp#27;[22m adding multiple products to cart from different brands                  &amp#27;[90m# file:///C:/Users/shashank/Desktop/Java%20Selinium/Capstone_Project/src/test/resources/features1/MultiProducts.feature:2&amp#27;[39m
  &amp#27;[32m✔&amp#27;[39m &amp#27;[32m&amp#27;[1mGiven &amp#27;[22mopen the website&amp#27;[39m                                                        &amp#27;[90m# StepDefination.MultiProdutsToCart.open_the_website()&amp#27;[39m
  &amp#27;[32m✔&amp#27;[39m &amp#27;[32m&amp#27;[1mWhen &amp#27;[22mredirect to the authenticate page&amp#27;[39m                                        &amp#27;[90m# StepDefination.MultiProdutsToCart.redirect_to_the_authenticate_page()&amp#27;[39m
  &amp#27;[32m✔&amp#27;[39m &amp#27;[32m&amp#27;[1mAnd &amp#27;[22menter the user details&amp#27;[39m                                                    &amp#27;[90m# StepDefination.MultiProdutsToCart.enter_the_user_details()&amp#27;[39m
user successfully entered the page
  &amp#27;[32m✔&amp#27;[39m &amp#27;[32m&amp#27;[1mAnd &amp#27;[22muser had successfully entered to the page&amp#27;[39m                                 &amp#27;[90m# StepDefination.MultiProdutsToCart.user_had_successfully_entered_to_the_page()&amp#27;[39m
  &amp#27;[32m✔&amp#27;[39m &amp#27;[32m&amp#27;[1mAnd &amp#27;[22msearch the different products&amp#27;[39m                                             &amp#27;[90m# StepDefination.MultiProdutsToCart.search_the_different_products()&amp#27;[39m
  &amp#27;[32m✔&amp#27;[39m &amp#27;[32m&amp#27;[1mAnd &amp#27;[22msort the products from the increasing order&amp#27;[39m                               &amp#27;[90m# StepDefination.MultiProdutsToCart.sort_the_products_from_the_increasing_order()&amp#27;[39m
  &amp#27;[32m✔&amp#27;[39m &amp#27;[32m&amp#27;[1mAnd &amp#27;[22madd items to the cart from each brands&amp#27;[39m                                    &amp#27;[90m# StepDefination.MultiProdutsToCart.add_items_to_the_cart_from_each_brands()&amp#27;[39m
added products to the cart from different brands
  &amp#27;[32m✔&amp#27;[39m &amp#27;[32m&amp#27;[1mAnd &amp#27;[22mdifferent items should added successfully to cart&amp#27;[39m                         &amp#27;[90m# StepDefination.MultiProdutsToCart.different_items_should_added_successfully_to_cart()&amp#27;[39m
  &amp#27;[32m✔&amp#27;[39m &amp#27;[32m&amp#27;[1mAnd &amp#27;[22mIncrease the product quantity in the cart&amp#27;[39m                                 &amp#27;[90m# StepDefination.MultiProdutsToCart.increase_the_product_quantity_in_the_cart()&amp#27;[39m
Increased the count of items in the cart, items were added to cart from different vendors
  &amp#27;[32m✔&amp#27;[39m &amp#27;[32m&amp#27;[1mThen &amp#27;[22mAdded different items from the different brands to the cart successfully&amp#27;[39m &amp#27;[90m# StepDefination.MultiProdutsToCart.added_different_items_from_the_different_brands_to_the_cart_successfully()&amp#27;[39m
]]></system-out>
    <system-err><![CDATA[Sep 07, 2025 6:58:03 PM org.openqa.selenium.devtools.CdpVersionFinder findNearestMatch
WARNING: Unable to find CDP implementation matching 140
Sep 07, 2025 6:58:03 PM org.openqa.selenium.chromium.ChromiumDriver lambda$new$5
WARNING: Unable to find version of CDP to use for 140.0.7339.80. You may need to include a dependency on a specific version of the CDP using something similar to `org.seleniumhq.selenium:selenium-devtools-v86:4.22.0` where the version ("v86") matches the version of the chromium-based browser you're using and the version number of the artifact is the same as Selenium's.
]]></system-err>
  </testcase>
  <testcase name="Subscribe to the news letter and check other sections" classname="Explore all the other Modules" time="16.1">
    <system-out><![CDATA[
&amp#27;[1mScenario:&amp#27;[22m Subscribe to the news letter and check other sections   &amp#27;[90m# file:///C:/Users/shashank/Desktop/Java%20Selinium/Capstone_Project/src/test/resources/features1/OtherModules.feature:2&amp#27;[39m
  &amp#27;[32m✔&amp#27;[39m &amp#27;[32m&amp#27;[1mGiven &amp#27;[22mopen the bstackdemo&amp#27;[39m                                     &amp#27;[90m# StepDefination.OtherModules.open_the_bstackdemo()&amp#27;[39m
  &amp#27;[32m✔&amp#27;[39m &amp#27;[32m&amp#27;[1mWhen &amp#27;[22mredirect to sigin page&amp#27;[39m                                   &amp#27;[90m# StepDefination.OtherModules.redirect_to_sigin_page()&amp#27;[39m
  &amp#27;[32m✔&amp#27;[39m &amp#27;[32m&amp#27;[1mAnd &amp#27;[22menter the login details&amp#27;[39m                                   &amp#27;[90m# StepDefination.OtherModules.enter_the_login_details()&amp#27;[39m
  &amp#27;[32m✔&amp#27;[39m &amp#27;[32m&amp#27;[1mAnd &amp#27;[22mgo to the newletter section&amp#27;[39m                               &amp#27;[90m# StepDefination.OtherModules.go_to_the_newletter_section()&amp#27;[39m
  &amp#27;[32m✔&amp#27;[39m &amp#27;[32m&amp#27;[1mAnd &amp#27;[22menter the email address and subscribe it&amp#27;[39m                  &amp#27;[90m# StepDefination.OtherModules.enter_the_email_address_and_subscribe_it()&amp#27;[39m
Subscribed to newsletter
  &amp#27;[32m✔&amp#27;[39m &amp#27;[32m&amp#27;[1mAnd &amp#27;[22muser should successfully subscribed to the newsletter&amp#27;[39m     &amp#27;[90m# StepDefination.OtherModules.user_should_successfully_subscribed_to_the_newsletter()&amp#27;[39m
  &amp#27;[32m✔&amp#27;[39m &amp#27;[32m&amp#27;[1mAnd &amp#27;[22mgo to the privacy policy section&amp#27;[39m                          &amp#27;[90m# StepDefination.OtherModules.go_to_the_privacy_policy_section()&amp#27;[39m
  &amp#27;[32m✔&amp#27;[39m &amp#27;[32m&amp#27;[1mAnd &amp#27;[22mread the privacy policy&amp#27;[39m                                   &amp#27;[90m# StepDefination.OtherModules.read_the_privacy_policy()&amp#27;[39m
  &amp#27;[32m✔&amp#27;[39m &amp#27;[32m&amp#27;[1mAnd &amp#27;[22mgo to the offers section&amp#27;[39m                                  &amp#27;[90m# StepDefination.OtherModules.go_to_the_offers_section()&amp#27;[39m
checked the offers page
  &amp#27;[32m✔&amp#27;[39m &amp#27;[32m&amp#27;[1mAnd &amp#27;[22mcheck any offers are avilable&amp#27;[39m                             &amp#27;[90m# StepDefination.OtherModules.check_any_offers_are_avilable()&amp#27;[39m
Offers page validated successfully
  &amp#27;[32m✔&amp#27;[39m &amp#27;[32m&amp#27;[1mAnd &amp#27;[22mif any offers are available add the products to the cart&amp#27;[39m  &amp#27;[90m# StepDefination.OtherModules.if_any_offers_are_available_add_the_products_to_the_cart()&amp#27;[39m
  &amp#27;[32m✔&amp#27;[39m &amp#27;[32m&amp#27;[1mAnd &amp#27;[22mif there are no offers are available, go to the main page&amp#27;[39m &amp#27;[90m# StepDefination.OtherModules.if_there_are_no_offers_are_available_go_to_the_main_page()&amp#27;[39m
Checked is there any offers available in the offer section and also subscribed to the NewsLetter
  &amp#27;[32m✔&amp#27;[39m &amp#27;[32m&amp#27;[1mThen &amp#27;[22mExplored all the Modules&amp#27;[39m                                 &amp#27;[90m# StepDefination.OtherModules.explored_all_the_modules()&amp#27;[39m
]]></system-out>
    <system-err><![CDATA[Sep 07, 2025 6:58:32 PM org.openqa.selenium.devtools.CdpVersionFinder findNearestMatch
WARNING: Unable to find CDP implementation matching 140
Sep 07, 2025 6:58:32 PM org.openqa.selenium.chromium.ChromiumDriver lambda$new$5
WARNING: Unable to find version of CDP to use for 140.0.7339.80. You may need to include a dependency on a specific version of the CDP using something similar to `org.seleniumhq.selenium:selenium-devtools-v86:4.22.0` where the version ("v86") matches the version of the chromium-based browser you're using and the version number of the artifact is the same as Selenium's.
]]></system-err>
  </testcase>
  <testcase name="Shop from vendors" classname="Order products using Shop By vendor" time="23.084">
    <system-out><![CDATA[
&amp#27;[1mScenario Outline:&amp#27;[22m Shop from vendors                                                                                                                               &amp#27;[90m# file:///C:/Users/shashank/Desktop/Java%20Selinium/Capstone_Project/src/test/resources/features1/ShopByVendors.feature:25&amp#27;[39m
  &amp#27;[32m✔&amp#27;[39m &amp#27;[32m&amp#27;[1mGiven &amp#27;[22mWebsite should be opened&amp#27;[39m                                                                                                                                &amp#27;[90m# StepDefination.ShopByVendors.website_should_be_opened()&amp#27;[39m
  &amp#27;[32m✔&amp#27;[39m &amp#27;[32m&amp#27;[1mWhen &amp#27;[22mgo to sigin page&amp#27;[39m                                                                                                                                         &amp#27;[90m# StepDefination.ShopByVendors.go_to_sigin_page()&amp#27;[39m
  &amp#27;[32m✔&amp#27;[39m &amp#27;[32m&amp#27;[1mAnd &amp#27;[22mlogin with the details&amp#27;[39m                                                                                                                                    &amp#27;[90m# StepDefination.ShopByVendors.user_logs_into_the_site()&amp#27;[39m
  &amp#27;[32m✔&amp#27;[39m &amp#27;[32m&amp#27;[1mAnd &amp#27;[22mSelect a vendor from vendors list&amp#27;[39m                                                                                                                         &amp#27;[90m# StepDefination.ShopByVendors.select_a_vendor_from_vendors_list()&amp#27;[39m
  &amp#27;[32m✔&amp#27;[39m &amp#27;[32m&amp#27;[1mAnd &amp#27;[22mselect the product and Add the product to the Wishlist&amp#27;[39m                                                                                                    &amp#27;[90m# StepDefination.ShopByVendors.select_the_product_and_add_the_product_to_the_wishlist()&amp#27;[39m
  &amp#27;[32m✔&amp#27;[39m &amp#27;[32m&amp#27;[1mAnd &amp#27;[22mproduct should be added to the wishlist&amp#27;[39m                                                                                                                   &amp#27;[90m# StepDefination.ShopByVendors.product_should_be_added_to_the_wishlist()&amp#27;[39m
Selecting a product from the wishlist
  &amp#27;[32m✔&amp#27;[39m &amp#27;[32m&amp#27;[1mAnd &amp#27;[22mselect a product from the Wishlist&amp#27;[39m                                                                                                                        &amp#27;[90m# StepDefination.ShopByVendors.select_a_product_from_the_wishlist()&amp#27;[39m
  &amp#27;[32m✔&amp#27;[39m &amp#27;[32m&amp#27;[1mAnd &amp#27;[22madd the product to the cart&amp#27;[39m                                                                                                                               &amp#27;[90m# StepDefination.ShopByVendors.add_the_product_to_the_cart()&amp#27;[39m
Product is added to the cart
  &amp#27;[32m✔&amp#27;[39m &amp#27;[32m&amp#27;[1mAnd &amp#27;[22mproduct should added to cart&amp#27;[39m                                                                                                                              &amp#27;[90m# StepDefination.ShopByVendors.product_should_added_to_cart()&amp#27;[39m
  &amp#27;[32m✔&amp#27;[39m &amp#27;[32m&amp#27;[1mAnd &amp#27;[22mshop the product from the cart&amp#27;[39m                                                                                                                            &amp#27;[90m# StepDefination.ShopByVendors.shop_the_product_from_the_cart()&amp#27;[39m
  &amp#27;[32m✔&amp#27;[39m &amp#27;[32m&amp#27;[1mAnd &amp#27;[22menters shipping details with first name "&amp#27;[1mAnush&amp#27;[22m", last name "&amp#27;[1mKumar&amp#27;[22m", address "&amp#27;[1m123, Hanamkonda, Warangal, Telangana&amp#27;[22m", state "&amp#27;[1mTelangana&amp#27;[22m", and pincode &amp#27;[1m506001&amp#27;[22m&amp#27;[39m &amp#27;[90m# StepDefination.ShopByVendors.enters_shipping_details_with_first_name_last_name_address_state_and_pincode(java.lang.String,java.lang.String,java.lang.String,java.lang.String,java.lang.Integer)&amp#27;[39m
ordered has been placed successfuly
  &amp#27;[32m✔&amp#27;[39m &amp#27;[32m&amp#27;[1mAnd &amp#27;[22mplace the order after submitting the details&amp#27;[39m                                                                                                              &amp#27;[90m# StepDefination.ShopByVendors.place_the_order_after_submitting_the_details()&amp#27;[39m
Searched a product from the vendors, added the product wishlist to cart and ordered it
  &amp#27;[32m✔&amp#27;[39m &amp#27;[32m&amp#27;[1mThen &amp#27;[22mSuccessfuly ordered aproduct from vendors and added it to wishlist and then ordered from the wishlist&amp#27;[39m                                                    &amp#27;[90m# StepDefination.ShopByVendors.successfuly_ordered_aproduct_from_vendors_and_added_it_to_wishlist_and_then_ordered_from_the_wishlist()&amp#27;[39m
]]></system-out>
    <system-err><![CDATA[Sep 07, 2025 6:58:48 PM org.openqa.selenium.devtools.CdpVersionFinder findNearestMatch
WARNING: Unable to find CDP implementation matching 140
Sep 07, 2025 6:58:48 PM org.openqa.selenium.chromium.ChromiumDriver lambda$new$5
WARNING: Unable to find version of CDP to use for 140.0.7339.80. You may need to include a dependency on a specific version of the CDP using something similar to `org.seleniumhq.selenium:selenium-devtools-v86:4.22.0` where the version ("v86") matches the version of the chromium-based browser you're using and the version number of the artifact is the same as Selenium's.
]]></system-err>
  </testcase>
  <testcase name="Validate user2 product image not displayed and login" classname="check the Image_not_Loading User functionalities" time="9.048">
    <system-out><![CDATA[
&amp#27;[1mScenario:&amp#27;[22m Validate user2 product image not displayed and login &amp#27;[90m# file:///C:/Users/shashank/Desktop/Java%20Selinium/Capstone_Project/src/test/resources/features1/User2_FUnctionalities.feature:4&amp#27;[39m
  &amp#27;[32m✔&amp#27;[39m &amp#27;[32m&amp#27;[1mGiven &amp#27;[22mopen the Browser&amp#27;[39m                                     &amp#27;[90m# StepDefination.User2_Step.open_the_browser()&amp#27;[39m
  &amp#27;[32m✔&amp#27;[39m &amp#27;[32m&amp#27;[1mWhen &amp#27;[22mredirect to sigin&amp#27;[39m                                     &amp#27;[90m# StepDefination.User2_Step.redirect_to_sigin()&amp#27;[39m
  &amp#27;[32m✔&amp#27;[39m &amp#27;[32m&amp#27;[1mAnd &amp#27;[22mlogin with the user2&amp#27;[39m                                   &amp#27;[90m# StepDefination.User2_Step.login_with_the_user2()&amp#27;[39m
User logged in successfully
  &amp#27;[32m✔&amp#27;[39m &amp#27;[32m&amp#27;[1mAnd &amp#27;[22muser had looged in&amp#27;[39m                                     &amp#27;[90m# StepDefination.User2_Step.user_had_looged_in()&amp#27;[39m
  &amp#27;[32m✔&amp#27;[39m &amp#27;[32m&amp#27;[1mAnd &amp#27;[22mcheck the products&amp#27;[39m                                     &amp#27;[90m# StepDefination.User2_Step.check_the_products()&amp#27;[39m
  &amp#27;[32m✔&amp#27;[39m &amp#27;[32m&amp#27;[1mAnd &amp#27;[22mimage should not be displayed for the products&amp#27;[39m         &amp#27;[90m# StepDefination.User2_Step.image_should_not_be_displayed_for_the_products()&amp#27;[39m
  &amp#27;[32m✔&amp#27;[39m &amp#27;[32m&amp#27;[1mAnd &amp#27;[22mthen click on logout&amp#27;[39m                                   &amp#27;[90m# StepDefination.User2_Step.then_click_on_logout()&amp#27;[39m
User has successfully logged out
  &amp#27;[32m✔&amp#27;[39m &amp#27;[32m&amp#27;[1mAnd &amp#27;[22mlogout successfully&amp#27;[39m                                    &amp#27;[90m# StepDefination.User2_Step.logout_successfully()&amp#27;[39m
Validated the user2 functionalities
  &amp#27;[32m✔&amp#27;[39m &amp#27;[32m&amp#27;[1mThen &amp#27;[22mvalidated the user2 functionalities&amp#27;[39m                   &amp#27;[90m# StepDefination.User2_Step.validated_the_user2_functionalities()&amp#27;[39m
]]></system-out>
    <system-err><![CDATA[Sep 07, 2025 6:59:11 PM org.openqa.selenium.devtools.CdpVersionFinder findNearestMatch
WARNING: Unable to find CDP implementation matching 140
Sep 07, 2025 6:59:11 PM org.openqa.selenium.chromium.ChromiumDriver lambda$new$5
WARNING: Unable to find version of CDP to use for 140.0.7339.80. You may need to include a dependency on a specific version of the CDP using something similar to `org.seleniumhq.selenium:selenium-devtools-v86:4.22.0` where the version ("v86") matches the version of the chromium-based browser you're using and the version number of the artifact is the same as Selenium's.
]]></system-err>
  </testcase>
  <testcase name="Validate user3 prevoius orders and login" classname="check the existing_orders_user functionalities" time="11.754">
    <system-out><![CDATA[
&amp#27;[1mScenario:&amp#27;[22m Validate user3 prevoius orders and login         &amp#27;[90m# file:///C:/Users/shashank/Desktop/Java%20Selinium/Capstone_Project/src/test/resources/features1/User3_Functionalities.feature:5&amp#27;[39m
  &amp#27;[32m✔&amp#27;[39m &amp#27;[32m&amp#27;[1mGiven &amp#27;[22mgo to website and it should be opened in Browser&amp#27;[39m &amp#27;[90m# StepDefination.User3_Step.go_to_website_and_it_should_be_opened_in_browser()&amp#27;[39m
  &amp#27;[32m✔&amp#27;[39m &amp#27;[32m&amp#27;[1mWhen &amp#27;[22mnavigate to sigin&amp#27;[39m                                 &amp#27;[90m# StepDefination.User3_Step.navigate_to_sigin()&amp#27;[39m
  &amp#27;[32m✔&amp#27;[39m &amp#27;[32m&amp#27;[1mAnd &amp#27;[22mlogin with the user3&amp#27;[39m                               &amp#27;[90m# StepDefination.User3_Step.login_with_the_user3()&amp#27;[39m
User logged-in successfully
  &amp#27;[32m✔&amp#27;[39m &amp#27;[32m&amp#27;[1mAnd &amp#27;[22muser should had logged in&amp#27;[39m                          &amp#27;[90m# StepDefination.User3_Step.user_should_had_logged_in()&amp#27;[39m
  &amp#27;[32m✔&amp#27;[39m &amp#27;[32m&amp#27;[1mAnd &amp#27;[22mgo to the orders page&amp#27;[39m                              &amp#27;[90m# StepDefination.User3_Step.go_to_the_orders_page()&amp#27;[39m
  &amp#27;[32m✔&amp#27;[39m &amp#27;[32m&amp#27;[1mAnd &amp#27;[22mcheck the previous orders products&amp#27;[39m                 &amp#27;[90m# StepDefination.User3_Step.check_the_previous_orders_products()&amp#27;[39m
  &amp#27;[32m✔&amp#27;[39m &amp#27;[32m&amp#27;[1mAnd &amp#27;[22mclick on signout&amp#27;[39m                                   &amp#27;[90m# StepDefination.User3_Step.click_on_signout()&amp#27;[39m
Successfully logged out
  &amp#27;[32m✔&amp#27;[39m &amp#27;[32m&amp#27;[1mAnd &amp#27;[22msigned out successfully&amp#27;[39m                            &amp#27;[90m# StepDefination.User3_Step.signed_out_successfully()&amp#27;[39m
Validated the user3
  &amp#27;[32m✔&amp#27;[39m &amp#27;[32m&amp#27;[1mThen &amp#27;[22mvalidated the user3 functionalities&amp#27;[39m               &amp#27;[90m# StepDefination.User3_Step.validated_the_user3_functionalities()&amp#27;[39m
]]></system-out>
    <system-err><![CDATA[Sep 07, 2025 6:59:20 PM org.openqa.selenium.devtools.CdpVersionFinder findNearestMatch
WARNING: Unable to find CDP implementation matching 140
Sep 07, 2025 6:59:20 PM org.openqa.selenium.chromium.ChromiumDriver lambda$new$5
WARNING: Unable to find version of CDP to use for 140.0.7339.80. You may need to include a dependency on a specific version of the CDP using something similar to `org.seleniumhq.selenium:selenium-devtools-v86:4.22.0` where the version ("v86") matches the version of the chromium-based browser you're using and the version number of the artifact is the same as Selenium's.
]]></system-err>
  </testcase>
  <testcase name="Validate user4 prevoius orders and login" classname="check the fav_user functionalities" time="10.638">
    <system-out><![CDATA[
&amp#27;[1mScenario:&amp#27;[22m Validate user4 prevoius orders and login       &amp#27;[90m# file:///C:/Users/shashank/Desktop/Java%20Selinium/Capstone_Project/src/test/resources/features1/User4_Funct.feature:5&amp#27;[39m
  &amp#27;[32m✔&amp#27;[39m &amp#27;[32m&amp#27;[1mGiven &amp#27;[22mgo to website&amp#27;[39m                                  &amp#27;[90m# StepDefination.User4_step.go_to_website()&amp#27;[39m
  &amp#27;[32m✔&amp#27;[39m &amp#27;[32m&amp#27;[1mWhen &amp#27;[22mredirect to login&amp#27;[39m                               &amp#27;[90m# StepDefination.User4_step.redirect_to_sigin_login()&amp#27;[39m
  &amp#27;[32m✔&amp#27;[39m &amp#27;[32m&amp#27;[1mAnd &amp#27;[22msignin with the user3&amp#27;[39m                            &amp#27;[90m# StepDefination.User4_step.signin_with_the_user3()&amp#27;[39m
signed in to the website
  &amp#27;[32m✔&amp#27;[39m &amp#27;[32m&amp#27;[1mAnd &amp#27;[22muser should had logged in with user3 credentials&amp#27;[39m &amp#27;[90m# StepDefination.User4_step.user_should_had_logged_in_with_user3_credentials()&amp#27;[39m
  &amp#27;[32m✔&amp#27;[39m &amp#27;[32m&amp#27;[1mAnd &amp#27;[22mgo to the favourites page&amp#27;[39m                        &amp#27;[90m# StepDefination.User4_step.go_to_the_favourites_page()&amp#27;[39m
  &amp#27;[32m✔&amp#27;[39m &amp#27;[32m&amp#27;[1mAnd &amp#27;[22mview the products&amp#27;[39m                                &amp#27;[90m# StepDefination.User4_step.view_the_products()&amp#27;[39m
  &amp#27;[32m✔&amp#27;[39m &amp#27;[32m&amp#27;[1mAnd &amp#27;[22mremove products from favourites&amp#27;[39m                  &amp#27;[90m# StepDefination.User4_step.remove_products_from_favourites()&amp#27;[39m
  &amp#27;[32m✔&amp#27;[39m &amp#27;[32m&amp#27;[1mAnd &amp#27;[22mclick on logout option&amp#27;[39m                           &amp#27;[90m# StepDefination.User4_step.click_on_logout_option()&amp#27;[39m
Successfully logged out from the page
  &amp#27;[32m✔&amp#27;[39m &amp#27;[32m&amp#27;[1mAnd &amp#27;[22mlogged out from the bstackdemo&amp#27;[39m                   &amp#27;[90m# StepDefination.User4_step.logged_out_from_the_bstackdemo()&amp#27;[39m
Validate the user4
  &amp#27;[32m✔&amp#27;[39m &amp#27;[32m&amp#27;[1mThen &amp#27;[22mvalidated the user4 functionalities&amp#27;[39m             &amp#27;[90m# StepDefination.User4_step.validated_the_user4_functionalities()&amp#27;[39m
]]></system-out>
    <system-err><![CDATA[Sep 07, 2025 6:59:31 PM org.openqa.selenium.devtools.CdpVersionFinder findNearestMatch
WARNING: Unable to find CDP implementation matching 140
Sep 07, 2025 6:59:31 PM org.openqa.selenium.chromium.ChromiumDriver lambda$new$5
WARNING: Unable to find version of CDP to use for 140.0.7339.80. You may need to include a dependency on a specific version of the CDP using something similar to `org.seleniumhq.selenium:selenium-devtools-v86:4.22.0` where the version ("v86") matches the version of the chromium-based browser you're using and the version number of the artifact is the same as Selenium's.
]]></system-err>
  </testcase>
  <testcase name="Validate user5 login functionality" classname="check the locked_user functionalities" time="8.437">
    <system-out><![CDATA[
&amp#27;[1mScenario:&amp#27;[22m Validate user5 login functionality &amp#27;[90m# file:///C:/Users/shashank/Desktop/Java%20Selinium/Capstone_Project/src/test/resources/features1/User5_Func.feature:5&amp#27;[39m
  &amp#27;[32m✔&amp#27;[39m &amp#27;[32m&amp#27;[1mGiven &amp#27;[22mredirect to webpage&amp#27;[39m                &amp#27;[90m# StepDefination.User5_Step.redirect_to_webpage()&amp#27;[39m
  &amp#27;[32m✔&amp#27;[39m &amp#27;[32m&amp#27;[1mWhen &amp#27;[22mnavigate to login page&amp#27;[39m              &amp#27;[90m# StepDefination.User5_Step.navigate_to_login_page()&amp#27;[39m
  &amp#27;[32m✔&amp#27;[39m &amp#27;[32m&amp#27;[1mAnd &amp#27;[22menter the user5 signin credentials&amp#27;[39m   &amp#27;[90m# StepDefination.User5_Step.enter_the_user5_signin_credentials()&amp#27;[39m
User5 account has been locked
  &amp#27;[32m✔&amp#27;[39m &amp#27;[32m&amp#27;[1mAnd &amp#27;[22muser not able to login to website&amp#27;[39m    &amp#27;[90m# StepDefination.User5_Step.user_not_able_to_login_to_website()&amp#27;[39m
validated the user5 login
  &amp#27;[32m✔&amp#27;[39m &amp#27;[32m&amp#27;[1mThen &amp#27;[22mvalidated the user5 login&amp#27;[39m           &amp#27;[90m# StepDefination.User5_Step.validated_the_user5_login()&amp#27;[39m
]]></system-out>
    <system-err><![CDATA[Sep 07, 2025 6:59:42 PM org.openqa.selenium.devtools.CdpVersionFinder findNearestMatch
WARNING: Unable to find CDP implementation matching 140
Sep 07, 2025 6:59:42 PM org.openqa.selenium.chromium.ChromiumDriver lambda$new$5
WARNING: Unable to find version of CDP to use for 140.0.7339.80. You may need to include a dependency on a specific version of the CDP using something similar to `org.seleniumhq.selenium:selenium-devtools-v86:4.22.0` where the version ("v86") matches the version of the chromium-based browser you're using and the version number of the artifact is the same as Selenium's.
]]></system-err>
  </testcase>
</testsuite>